#
# There is insufficient memory for the Java Runtime Environment to continue.
# Native memory allocation (malloc) failed to allocate 2671536 bytes for Chunk::new
# Possible reasons:
#   The system is out of physical RAM or swap space
#   The process is running with CompressedOops enabled, and the Java Heap may be blocking the growth of the native heap
# Possible solutions:
#   Reduce memory load on the system
#   Increase physical memory or swap space
#   Check if swap backing store is full
#   Decrease Java heap size (-Xmx/-Xms)
#   Decrease number of Java threads
#   Decrease Java thread stack sizes (-Xss)
#   Set larger code cache with -XX:ReservedCodeCacheSize=
#   JVM is running with Zero Based Compressed Oops mode in which the Java heap is
#     placed in the first 32GB address space. The Java Heap base address is the
#     maximum limit for the native heap growth. Please use -XX:HeapBaseMinAddress
#     to set the Java Heap base and to place the Java Heap above 32GB virtual address.
# This output file may be truncated or incomplete.
#
#  Out of Memory Error (t:/workspace/open/src/hotspot/share/memory/arena.cpp:197), pid=27612, tid=2248
#
# JRE version: Java(TM) SE Runtime Environment (11.0.6+8) (build 11.0.6+8-LTS)
# Java VM: Java HotSpot(TM) 64-Bit Server VM (11.0.6+8-LTS, mixed mode, tiered, compressed oops, g1 gc, windows-amd64)
# No core dump will be written. Minidumps are not enabled by default on client versions of Windows
#

---------------  S U M M A R Y ------------

Command Line: -Dfile.encoding=UTF-8 tec.diseno.communities.App

Host: Intel(R) Core(TM) i7-9750H CPU @ 2.60GHz, 12 cores, 15G,  Windows 10 , 64 bit Build 18362 (10.0.18362.1316)
Time: Sun Jan 17 19:54:41 2021 Central America Standard Time elapsed time: 6 seconds (0d 0h 0m 6s)

---------------  T H R E A D  ---------------

Current thread (0x0000020bb72ab800):  JavaThread "C2 CompilerThread2" daemon [_thread_in_native, id=2248, stack(0x00000011fec00000,0x00000011fed00000)]


Current CompileTask:
C2:   6078 2563   !   4       jdk.internal.loader.BuiltinClassLoader::loadClassOrNull (143 bytes)

Stack: [0x00000011fec00000,0x00000011fed00000]
Native frames: (J=compiled Java code, j=interpreted, Vv=VM code, C=native code)
V  [jvm.dll+0x63679a]
V  [jvm.dll+0x7755bf]
V  [jvm.dll+0x776c65]
V  [jvm.dll+0x7772d3]
V  [jvm.dll+0x25e7f8]
V  [jvm.dll+0xc1c01]
V  [jvm.dll+0xc219c]
V  [jvm.dll+0x36d977]
V  [jvm.dll+0x1a9101]
V  [jvm.dll+0x218462]
V  [jvm.dll+0x2174fa]
V  [jvm.dll+0x193a2c]
V  [jvm.dll+0x226544]
V  [jvm.dll+0x224b28]
V  [jvm.dll+0x73a9c5]
V  [jvm.dll+0x733905]
V  [jvm.dll+0x635846]
C  [ucrtbase.dll+0x210b2]
C  [KERNEL32.DLL+0x17c24]
C  [ntdll.dll+0x6d4d1]


---------------  P R O C E S S  ---------------

Threads class SMR info:
_java_thread_list=0x0000020bb525bc90, length=12, elements={
0x0000020b8f9cc800, 0x0000020bb36e6000, 0x0000020bb36ef800, 0x0000020bb3ff1800,
0x0000020bb3ff4800, 0x0000020bb3ff5800, 0x0000020bb4005000, 0x0000020bb4008000,
0x0000020bb416d800, 0x0000020bb416e800, 0x0000020bb4401800, 0x0000020bb72ab800
}

Java Threads: ( => current thread )
  0x0000020b8f9cc800 JavaThread "main" [_thread_in_native, id=19780, stack(0x00000011fd300000,0x00000011fd400000)]
  0x0000020bb36e6000 JavaThread "Reference Handler" daemon [_thread_blocked, id=7660, stack(0x00000011fda00000,0x00000011fdb00000)]
  0x0000020bb36ef800 JavaThread "Finalizer" daemon [_thread_blocked, id=18768, stack(0x00000011fdb00000,0x00000011fdc00000)]
  0x0000020bb3ff1800 JavaThread "Signal Dispatcher" daemon [_thread_blocked, id=19624, stack(0x00000011fdc00000,0x00000011fdd00000)]
  0x0000020bb3ff4800 JavaThread "Attach Listener" daemon [_thread_blocked, id=14544, stack(0x00000011fdd00000,0x00000011fde00000)]
  0x0000020bb3ff5800 JavaThread "C2 CompilerThread0" daemon [_thread_in_native, id=9260, stack(0x00000011fde00000,0x00000011fdf00000)]
  0x0000020bb4005000 JavaThread "C1 CompilerThread0" daemon [_thread_blocked, id=10888, stack(0x00000011fdf00000,0x00000011fe000000)]
  0x0000020bb4008000 JavaThread "Sweeper thread" daemon [_thread_blocked, id=23780, stack(0x00000011fe000000,0x00000011fe100000)]
  0x0000020bb416d800 JavaThread "Service Thread" daemon [_thread_blocked, id=8500, stack(0x00000011fe100000,0x00000011fe200000)]
  0x0000020bb416e800 JavaThread "Common-Cleaner" daemon [_thread_blocked, id=8588, stack(0x00000011fe300000,0x00000011fe400000)]
  0x0000020bb4401800 JavaThread "C2 CompilerThread1" daemon [_thread_blocked, id=8108, stack(0x00000011fe400000,0x00000011fe500000)]
=>0x0000020bb72ab800 JavaThread "C2 CompilerThread2" daemon [_thread_in_native, id=2248, stack(0x00000011fec00000,0x00000011fed00000)]

Other Threads:
  0x0000020bb36e2000 VMThread "VM Thread" [stack: 0x00000011fd900000,0x00000011fda00000] [id=19208]
  0x0000020bb4176000 WatcherThread [stack: 0x00000011fe200000,0x00000011fe300000] [id=5032]
  0x0000020b8f9e1800 GCTaskThread "GC Thread#0" [stack: 0x00000011fd400000,0x00000011fd500000] [id=21852]
  0x0000020bb4fce800 GCTaskThread "GC Thread#1" [stack: 0x00000011fe600000,0x00000011fe700000] [id=12456]
  0x0000020bb4f2b800 GCTaskThread "GC Thread#2" [stack: 0x00000011fe700000,0x00000011fe800000] [id=16944]
  0x0000020bb4f2d800 GCTaskThread "GC Thread#3" [stack: 0x00000011fe800000,0x00000011fe900000] [id=23016]
  0x0000020bb4f2e800 GCTaskThread "GC Thread#4" [stack: 0x00000011fe900000,0x00000011fea00000] [id=24484]
  0x0000020bb4fd8800 GCTaskThread "GC Thread#5" [stack: 0x00000011fea00000,0x00000011feb00000] [id=15540]
  0x0000020b8fa40000 ConcurrentGCThread "G1 Main Marker" [stack: 0x00000011fd500000,0x00000011fd600000] [id=12824]
  0x0000020b8fa43800 ConcurrentGCThread "G1 Conc#0" [stack: 0x00000011fd600000,0x00000011fd700000] [id=1584]
  0x0000020bb4fda000 ConcurrentGCThread "G1 Conc#1" [stack: 0x00000011fe500000,0x00000011fe600000] [id=6724]
  0x0000020bb57c3800 ConcurrentGCThread "G1 Conc#2" [stack: 0x00000011feb00000,0x00000011fec00000] [id=18620]
  0x0000020bb35cd800 ConcurrentGCThread "G1 Refine#0" [stack: 0x00000011fd700000,0x00000011fd800000] [id=12076]
  0x0000020bb35ce000 ConcurrentGCThread "G1 Young RemSet Sampling" [stack: 0x00000011fd800000,0x00000011fd900000] [id=14040]

Threads with active compile tasks:
C2 CompilerThread02847       4       org.springframework.boot.context.properties.source.ConfigurationPropertyName$ElementsParser::parse (234 bytes)
C2 CompilerThread22563   !   4       jdk.internal.loader.BuiltinClassLoader::loadClassOrNull (143 bytes)

VM state:not at safepoint (normal execution)

VM Mutex/Monitor currently owned by a thread: None

Heap address: 0x0000000702e00000, size: 4050 MB, Compressed Oops mode: Zero based, Oop shift amount: 3
Narrow klass base: 0x0000000800000000, Narrow klass shift: 0
Compressed class space size: 1073741824 Address: 0x0000000800000000

Heap:
 garbage-first heap   total 260096K, used 44389K [0x0000000702e00000, 0x0000000800000000)
  region size 1024K, 40 young (40960K), 3 survivors (3072K)
 Metaspace       used 29625K, capacity 30441K, committed 30720K, reserved 1077248K
  class space    used 3425K, capacity 3762K, committed 3840K, reserved 1048576K
Heap Regions: E=young(eden), S=young(survivor), O=old, HS=humongous(starts), HC=humongous(continues), CS=collection set, F=free, A=archive, TAMS=top-at-mark-start (previous, next)
|   0|0x0000000702e00000, 0x0000000702f00000, 0x0000000702f00000|100%| O|  |TAMS 0x0000000702f00000, 0x0000000702e00000| Untracked 
|   1|0x0000000702f00000, 0x0000000703000000, 0x0000000703000000|100%| O|  |TAMS 0x0000000702fd9c00, 0x0000000702f00000| Untracked 
|   2|0x0000000703000000, 0x0000000703100000, 0x0000000703100000|100%| O|  |TAMS 0x0000000703000000, 0x0000000703000000| Untracked 
|   3|0x0000000703100000, 0x0000000703200000, 0x0000000703200000|100%| O|  |TAMS 0x0000000703100000, 0x0000000703100000| Untracked 
|   4|0x0000000703200000, 0x00000007032a6400, 0x0000000703300000| 64%| O|  |TAMS 0x0000000703200000, 0x0000000703200000| Untracked 
|   5|0x0000000703300000, 0x0000000703300000, 0x0000000703400000|  0%| F|  |TAMS 0x0000000703300000, 0x0000000703300000| Untracked 
|   6|0x0000000703400000, 0x0000000703400000, 0x0000000703500000|  0%| F|  |TAMS 0x0000000703400000, 0x0000000703400000| Untracked 
|   7|0x0000000703500000, 0x0000000703500000, 0x0000000703600000|  0%| F|  |TAMS 0x0000000703500000, 0x0000000703500000| Untracked 
|   8|0x0000000703600000, 0x0000000703600000, 0x0000000703700000|  0%| F|  |TAMS 0x0000000703600000, 0x0000000703600000| Untracked 
|   9|0x0000000703700000, 0x0000000703700000, 0x0000000703800000|  0%| F|  |TAMS 0x0000000703700000, 0x0000000703700000| Untracked 
|  10|0x0000000703800000, 0x0000000703800000, 0x0000000703900000|  0%| F|  |TAMS 0x0000000703800000, 0x0000000703800000| Untracked 
|  11|0x0000000703900000, 0x0000000703900000, 0x0000000703a00000|  0%| F|  |TAMS 0x0000000703900000, 0x0000000703900000| Untracked 
|  12|0x0000000703a00000, 0x0000000703a00000, 0x0000000703b00000|  0%| F|  |TAMS 0x0000000703a00000, 0x0000000703a00000| Untracked 
|  13|0x0000000703b00000, 0x0000000703b00000, 0x0000000703c00000|  0%| F|  |TAMS 0x0000000703b00000, 0x0000000703b00000| Untracked 
|  14|0x0000000703c00000, 0x0000000703c00000, 0x0000000703d00000|  0%| F|  |TAMS 0x0000000703c00000, 0x0000000703c00000| Untracked 
|  15|0x0000000703d00000, 0x0000000703d00000, 0x0000000703e00000|  0%| F|  |TAMS 0x0000000703d00000, 0x0000000703d00000| Untracked 
|  16|0x0000000703e00000, 0x0000000703e00000, 0x0000000703f00000|  0%| F|  |TAMS 0x0000000703e00000, 0x0000000703e00000| Untracked 
|  17|0x0000000703f00000, 0x0000000703f00000, 0x0000000704000000|  0%| F|  |TAMS 0x0000000703f00000, 0x0000000703f00000| Untracked 
|  18|0x0000000704000000, 0x0000000704000000, 0x0000000704100000|  0%| F|  |TAMS 0x0000000704000000, 0x0000000704000000| Untracked 
|  19|0x0000000704100000, 0x0000000704100000, 0x0000000704200000|  0%| F|  |TAMS 0x0000000704100000, 0x0000000704100000| Untracked 
|  20|0x0000000704200000, 0x0000000704200000, 0x0000000704300000|  0%| F|  |TAMS 0x0000000704200000, 0x0000000704200000| Untracked 
|  21|0x0000000704300000, 0x0000000704300000, 0x0000000704400000|  0%| F|  |TAMS 0x0000000704300000, 0x0000000704300000| Untracked 
|  22|0x0000000704400000, 0x0000000704400000, 0x0000000704500000|  0%| F|  |TAMS 0x0000000704400000, 0x0000000704400000| Untracked 
|  23|0x0000000704500000, 0x0000000704500000, 0x0000000704600000|  0%| F|  |TAMS 0x0000000704500000, 0x0000000704500000| Untracked 
|  24|0x0000000704600000, 0x0000000704600000, 0x0000000704700000|  0%| F|  |TAMS 0x0000000704600000, 0x0000000704600000| Untracked 
|  25|0x0000000704700000, 0x0000000704700000, 0x0000000704800000|  0%| F|  |TAMS 0x0000000704700000, 0x0000000704700000| Untracked 
|  26|0x0000000704800000, 0x0000000704800000, 0x0000000704900000|  0%| F|  |TAMS 0x0000000704800000, 0x0000000704800000| Untracked 
|  27|0x0000000704900000, 0x0000000704900000, 0x0000000704a00000|  0%| F|  |TAMS 0x0000000704900000, 0x0000000704900000| Untracked 
|  28|0x0000000704a00000, 0x0000000704a00000, 0x0000000704b00000|  0%| F|  |TAMS 0x0000000704a00000, 0x0000000704a00000| Untracked 
|  29|0x0000000704b00000, 0x0000000704b00000, 0x0000000704c00000|  0%| F|  |TAMS 0x0000000704b00000, 0x0000000704b00000| Untracked 
|  30|0x0000000704c00000, 0x0000000704c00000, 0x0000000704d00000|  0%| F|  |TAMS 0x0000000704c00000, 0x0000000704c00000| Untracked 
|  31|0x0000000704d00000, 0x0000000704d00000, 0x0000000704e00000|  0%| F|  |TAMS 0x0000000704d00000, 0x0000000704d00000| Untracked 
|  32|0x0000000704e00000, 0x0000000704e00000, 0x0000000704f00000|  0%| F|  |TAMS 0x0000000704e00000, 0x0000000704e00000| Untracked 
|  33|0x0000000704f00000, 0x0000000704f00000, 0x0000000705000000|  0%| F|  |TAMS 0x0000000704f00000, 0x0000000704f00000| Untracked 
|  34|0x0000000705000000, 0x0000000705000000, 0x0000000705100000|  0%| F|  |TAMS 0x0000000705000000, 0x0000000705000000| Untracked 
|  35|0x0000000705100000, 0x0000000705100000, 0x0000000705200000|  0%| F|  |TAMS 0x0000000705100000, 0x0000000705100000| Untracked 
|  36|0x0000000705200000, 0x0000000705200000, 0x0000000705300000|  0%| F|  |TAMS 0x0000000705200000, 0x0000000705200000| Untracked 
|  37|0x0000000705300000, 0x0000000705300000, 0x0000000705400000|  0%| F|  |TAMS 0x0000000705300000, 0x0000000705300000| Untracked 
|  38|0x0000000705400000, 0x0000000705400000, 0x0000000705500000|  0%| F|  |TAMS 0x0000000705400000, 0x0000000705400000| Untracked 
|  39|0x0000000705500000, 0x0000000705500000, 0x0000000705600000|  0%| F|  |TAMS 0x0000000705500000, 0x0000000705500000| Untracked 
|  40|0x0000000705600000, 0x0000000705600000, 0x0000000705700000|  0%| F|  |TAMS 0x0000000705600000, 0x0000000705600000| Untracked 
|  41|0x0000000705700000, 0x0000000705700000, 0x0000000705800000|  0%| F|  |TAMS 0x0000000705700000, 0x0000000705700000| Untracked 
|  42|0x0000000705800000, 0x0000000705800000, 0x0000000705900000|  0%| F|  |TAMS 0x0000000705800000, 0x0000000705800000| Untracked 
|  43|0x0000000705900000, 0x0000000705900000, 0x0000000705a00000|  0%| F|  |TAMS 0x0000000705900000, 0x0000000705900000| Untracked 
|  44|0x0000000705a00000, 0x0000000705a00000, 0x0000000705b00000|  0%| F|  |TAMS 0x0000000705a00000, 0x0000000705a00000| Untracked 
|  45|0x0000000705b00000, 0x0000000705b00000, 0x0000000705c00000|  0%| F|  |TAMS 0x0000000705b00000, 0x0000000705b00000| Untracked 
|  46|0x0000000705c00000, 0x0000000705c00000, 0x0000000705d00000|  0%| F|  |TAMS 0x0000000705c00000, 0x0000000705c00000| Untracked 
|  47|0x0000000705d00000, 0x0000000705d00000, 0x0000000705e00000|  0%| F|  |TAMS 0x0000000705d00000, 0x0000000705d00000| Untracked 
|  48|0x0000000705e00000, 0x0000000705e00000, 0x0000000705f00000|  0%| F|  |TAMS 0x0000000705e00000, 0x0000000705e00000| Untracked 
|  49|0x0000000705f00000, 0x0000000705f00000, 0x0000000706000000|  0%| F|  |TAMS 0x0000000705f00000, 0x0000000705f00000| Untracked 
|  50|0x0000000706000000, 0x0000000706000000, 0x0000000706100000|  0%| F|  |TAMS 0x0000000706000000, 0x0000000706000000| Untracked 
|  51|0x0000000706100000, 0x0000000706100000, 0x0000000706200000|  0%| F|  |TAMS 0x0000000706100000, 0x0000000706100000| Untracked 
|  52|0x0000000706200000, 0x0000000706200000, 0x0000000706300000|  0%| F|  |TAMS 0x0000000706200000, 0x0000000706200000| Untracked 
|  53|0x0000000706300000, 0x0000000706300000, 0x0000000706400000|  0%| F|  |TAMS 0x0000000706300000, 0x0000000706300000| Untracked 
|  54|0x0000000706400000, 0x0000000706400000, 0x0000000706500000|  0%| F|  |TAMS 0x0000000706400000, 0x0000000706400000| Untracked 
|  55|0x0000000706500000, 0x0000000706500000, 0x0000000706600000|  0%| F|  |TAMS 0x0000000706500000, 0x0000000706500000| Untracked 
|  56|0x0000000706600000, 0x0000000706600000, 0x0000000706700000|  0%| F|  |TAMS 0x0000000706600000, 0x0000000706600000| Untracked 
|  57|0x0000000706700000, 0x0000000706700000, 0x0000000706800000|  0%| F|  |TAMS 0x0000000706700000, 0x0000000706700000| Untracked 
|  58|0x0000000706800000, 0x0000000706800000, 0x0000000706900000|  0%| F|  |TAMS 0x0000000706800000, 0x0000000706800000| Untracked 
|  59|0x0000000706900000, 0x0000000706900000, 0x0000000706a00000|  0%| F|  |TAMS 0x0000000706900000, 0x0000000706900000| Untracked 
|  60|0x0000000706a00000, 0x0000000706a00000, 0x0000000706b00000|  0%| F|  |TAMS 0x0000000706a00000, 0x0000000706a00000| Untracked 
|  61|0x0000000706b00000, 0x0000000706b00000, 0x0000000706c00000|  0%| F|  |TAMS 0x0000000706b00000, 0x0000000706b00000| Untracked 
|  62|0x0000000706c00000, 0x0000000706c00000, 0x0000000706d00000|  0%| F|  |TAMS 0x0000000706c00000, 0x0000000706c00000| Untracked 
|  63|0x0000000706d00000, 0x0000000706d00000, 0x0000000706e00000|  0%| F|  |TAMS 0x0000000706d00000, 0x0000000706d00000| Untracked 
|  64|0x0000000706e00000, 0x0000000706e00000, 0x0000000706f00000|  0%| F|  |TAMS 0x0000000706e00000, 0x0000000706e00000| Untracked 
|  65|0x0000000706f00000, 0x0000000706f00000, 0x0000000707000000|  0%| F|  |TAMS 0x0000000706f00000, 0x0000000706f00000| Untracked 
|  66|0x0000000707000000, 0x0000000707000000, 0x0000000707100000|  0%| F|  |TAMS 0x0000000707000000, 0x0000000707000000| Untracked 
|  67|0x0000000707100000, 0x0000000707100000, 0x0000000707200000|  0%| F|  |TAMS 0x0000000707100000, 0x0000000707100000| Untracked 
|  68|0x0000000707200000, 0x0000000707200000, 0x0000000707300000|  0%| F|  |TAMS 0x0000000707200000, 0x0000000707200000| Untracked 
|  69|0x0000000707300000, 0x0000000707300000, 0x0000000707400000|  0%| F|  |TAMS 0x0000000707300000, 0x0000000707300000| Untracked 
|  70|0x0000000707400000, 0x0000000707400000, 0x0000000707500000|  0%| F|  |TAMS 0x0000000707400000, 0x0000000707400000| Untracked 
|  71|0x0000000707500000, 0x0000000707500000, 0x0000000707600000|  0%| F|  |TAMS 0x0000000707500000, 0x0000000707500000| Untracked 
|  72|0x0000000707600000, 0x0000000707600000, 0x0000000707700000|  0%| F|  |TAMS 0x0000000707600000, 0x0000000707600000| Untracked 
|  73|0x0000000707700000, 0x0000000707700000, 0x0000000707800000|  0%| F|  |TAMS 0x0000000707700000, 0x0000000707700000| Untracked 
|  74|0x0000000707800000, 0x0000000707800000, 0x0000000707900000|  0%| F|  |TAMS 0x0000000707800000, 0x0000000707800000| Untracked 
|  75|0x0000000707900000, 0x0000000707900000, 0x0000000707a00000|  0%| F|  |TAMS 0x0000000707900000, 0x0000000707900000| Untracked 
|  76|0x0000000707a00000, 0x0000000707a00000, 0x0000000707b00000|  0%| F|  |TAMS 0x0000000707a00000, 0x0000000707a00000| Untracked 
|  77|0x0000000707b00000, 0x0000000707b00000, 0x0000000707c00000|  0%| F|  |TAMS 0x0000000707b00000, 0x0000000707b00000| Untracked 
|  78|0x0000000707c00000, 0x0000000707c00000, 0x0000000707d00000|  0%| F|  |TAMS 0x0000000707c00000, 0x0000000707c00000| Untracked 
|  79|0x0000000707d00000, 0x0000000707d00000, 0x0000000707e00000|  0%| F|  |TAMS 0x0000000707d00000, 0x0000000707d00000| Untracked 
|  80|0x0000000707e00000, 0x0000000707e00000, 0x0000000707f00000|  0%| F|  |TAMS 0x0000000707e00000, 0x0000000707e00000| Untracked 
|  81|0x0000000707f00000, 0x0000000707f00000, 0x0000000708000000|  0%| F|  |TAMS 0x0000000707f00000, 0x0000000707f00000| Untracked 
|  82|0x0000000708000000, 0x0000000708000000, 0x0000000708100000|  0%| F|  |TAMS 0x0000000708000000, 0x0000000708000000| Untracked 
|  83|0x0000000708100000, 0x0000000708100000, 0x0000000708200000|  0%| F|  |TAMS 0x0000000708100000, 0x0000000708100000| Untracked 
|  84|0x0000000708200000, 0x0000000708200000, 0x0000000708300000|  0%| F|  |TAMS 0x0000000708200000, 0x0000000708200000| Untracked 
|  85|0x0000000708300000, 0x0000000708300000, 0x0000000708400000|  0%| F|  |TAMS 0x0000000708300000, 0x0000000708300000| Untracked 
|  86|0x0000000708400000, 0x0000000708400000, 0x0000000708500000|  0%| F|  |TAMS 0x0000000708400000, 0x0000000708400000| Untracked 
|  87|0x0000000708500000, 0x0000000708500000, 0x0000000708600000|  0%| F|  |TAMS 0x0000000708500000, 0x0000000708500000| Untracked 
|  88|0x0000000708600000, 0x0000000708600000, 0x0000000708700000|  0%| F|  |TAMS 0x0000000708600000, 0x0000000708600000| Untracked 
|  89|0x0000000708700000, 0x0000000708700000, 0x0000000708800000|  0%| F|  |TAMS 0x0000000708700000, 0x0000000708700000| Untracked 
|  90|0x0000000708800000, 0x0000000708800000, 0x0000000708900000|  0%| F|  |TAMS 0x0000000708800000, 0x0000000708800000| Untracked 
|  91|0x0000000708900000, 0x0000000708900000, 0x0000000708a00000|  0%| F|  |TAMS 0x0000000708900000, 0x0000000708900000| Untracked 
|  92|0x0000000708a00000, 0x0000000708a00000, 0x0000000708b00000|  0%| F|  |TAMS 0x0000000708a00000, 0x0000000708a00000| Untracked 
|  93|0x0000000708b00000, 0x0000000708b00000, 0x0000000708c00000|  0%| F|  |TAMS 0x0000000708b00000, 0x0000000708b00000| Untracked 
|  94|0x0000000708c00000, 0x0000000708c00000, 0x0000000708d00000|  0%| F|  |TAMS 0x0000000708c00000, 0x0000000708c00000| Untracked 
|  95|0x0000000708d00000, 0x0000000708d00000, 0x0000000708e00000|  0%| F|  |TAMS 0x0000000708d00000, 0x0000000708d00000| Untracked 
|  96|0x0000000708e00000, 0x0000000708e00000, 0x0000000708f00000|  0%| F|  |TAMS 0x0000000708e00000, 0x0000000708e00000| Untracked 
|  97|0x0000000708f00000, 0x0000000708f00000, 0x0000000709000000|  0%| F|  |TAMS 0x0000000708f00000, 0x0000000708f00000| Untracked 
|  98|0x0000000709000000, 0x0000000709000000, 0x0000000709100000|  0%| F|  |TAMS 0x0000000709000000, 0x0000000709000000| Untracked 
|  99|0x0000000709100000, 0x0000000709100000, 0x0000000709200000|  0%| F|  |TAMS 0x0000000709100000, 0x0000000709100000| Untracked 
| 100|0x0000000709200000, 0x0000000709200000, 0x0000000709300000|  0%| F|  |TAMS 0x0000000709200000, 0x0000000709200000| Untracked 
| 101|0x0000000709300000, 0x0000000709300000, 0x0000000709400000|  0%| F|  |TAMS 0x0000000709300000, 0x0000000709300000| Untracked 
| 102|0x0000000709400000, 0x0000000709400000, 0x0000000709500000|  0%| F|  |TAMS 0x0000000709400000, 0x0000000709400000| Untracked 
| 103|0x0000000709500000, 0x0000000709500000, 0x0000000709600000|  0%| F|  |TAMS 0x0000000709500000, 0x0000000709500000| Untracked 
| 104|0x0000000709600000, 0x0000000709600000, 0x0000000709700000|  0%| F|  |TAMS 0x0000000709600000, 0x0000000709600000| Untracked 
| 105|0x0000000709700000, 0x0000000709700000, 0x0000000709800000|  0%| F|  |TAMS 0x0000000709700000, 0x0000000709700000| Untracked 
| 106|0x0000000709800000, 0x0000000709800000, 0x0000000709900000|  0%| F|  |TAMS 0x0000000709800000, 0x0000000709800000| Untracked 
| 107|0x0000000709900000, 0x0000000709900000, 0x0000000709a00000|  0%| F|  |TAMS 0x0000000709900000, 0x0000000709900000| Untracked 
| 108|0x0000000709a00000, 0x0000000709a00000, 0x0000000709b00000|  0%| F|  |TAMS 0x0000000709a00000, 0x0000000709a00000| Untracked 
| 109|0x0000000709b00000, 0x0000000709b00000, 0x0000000709c00000|  0%| F|  |TAMS 0x0000000709b00000, 0x0000000709b00000| Untracked 
| 110|0x0000000709c00000, 0x0000000709c00000, 0x0000000709d00000|  0%| F|  |TAMS 0x0000000709c00000, 0x0000000709c00000| Untracked 
| 111|0x0000000709d00000, 0x0000000709d00000, 0x0000000709e00000|  0%| F|  |TAMS 0x0000000709d00000, 0x0000000709d00000| Untracked 
| 112|0x0000000709e00000, 0x0000000709e00000, 0x0000000709f00000|  0%| F|  |TAMS 0x0000000709e00000, 0x0000000709e00000| Untracked 
| 113|0x0000000709f00000, 0x0000000709f00000, 0x000000070a000000|  0%| F|  |TAMS 0x0000000709f00000, 0x0000000709f00000| Untracked 
| 114|0x000000070a000000, 0x000000070a000000, 0x000000070a100000|  0%| F|  |TAMS 0x000000070a000000, 0x000000070a000000| Untracked 
| 115|0x000000070a100000, 0x000000070a100000, 0x000000070a200000|  0%| F|  |TAMS 0x000000070a100000, 0x000000070a100000| Untracked 
| 116|0x000000070a200000, 0x000000070a200000, 0x000000070a300000|  0%| F|  |TAMS 0x000000070a200000, 0x000000070a200000| Untracked 
| 117|0x000000070a300000, 0x000000070a300000, 0x000000070a400000|  0%| F|  |TAMS 0x000000070a300000, 0x000000070a300000| Untracked 
| 118|0x000000070a400000, 0x000000070a400000, 0x000000070a500000|  0%| F|  |TAMS 0x000000070a400000, 0x000000070a400000| Untracked 
| 119|0x000000070a500000, 0x000000070a500000, 0x000000070a600000|  0%| F|  |TAMS 0x000000070a500000, 0x000000070a500000| Untracked 
| 120|0x000000070a600000, 0x000000070a600000, 0x000000070a700000|  0%| F|  |TAMS 0x000000070a600000, 0x000000070a600000| Untracked 
| 121|0x000000070a700000, 0x000000070a700000, 0x000000070a800000|  0%| F|  |TAMS 0x000000070a700000, 0x000000070a700000| Untracked 
| 122|0x000000070a800000, 0x000000070a800000, 0x000000070a900000|  0%| F|  |TAMS 0x000000070a800000, 0x000000070a800000| Untracked 
| 123|0x000000070a900000, 0x000000070a900000, 0x000000070aa00000|  0%| F|  |TAMS 0x000000070a900000, 0x000000070a900000| Untracked 
| 124|0x000000070aa00000, 0x000000070aa00000, 0x000000070ab00000|  0%| F|  |TAMS 0x000000070aa00000, 0x000000070aa00000| Untracked 
| 125|0x000000070ab00000, 0x000000070ab00000, 0x000000070ac00000|  0%| F|  |TAMS 0x000000070ab00000, 0x000000070ab00000| Untracked 
| 126|0x000000070ac00000, 0x000000070ac00000, 0x000000070ad00000|  0%| F|  |TAMS 0x000000070ac00000, 0x000000070ac00000| Untracked 
| 127|0x000000070ad00000, 0x000000070ad00000, 0x000000070ae00000|  0%| F|  |TAMS 0x000000070ad00000, 0x000000070ad00000| Untracked 
| 128|0x000000070ae00000, 0x000000070ae00000, 0x000000070af00000|  0%| F|  |TAMS 0x000000070ae00000, 0x000000070ae00000| Untracked 
| 129|0x000000070af00000, 0x000000070af00000, 0x000000070b000000|  0%| F|  |TAMS 0x000000070af00000, 0x000000070af00000| Untracked 
| 130|0x000000070b000000, 0x000000070b000000, 0x000000070b100000|  0%| F|  |TAMS 0x000000070b000000, 0x000000070b000000| Untracked 
| 131|0x000000070b100000, 0x000000070b100000, 0x000000070b200000|  0%| F|  |TAMS 0x000000070b100000, 0x000000070b100000| Untracked 
| 132|0x000000070b200000, 0x000000070b200000, 0x000000070b300000|  0%| F|  |TAMS 0x000000070b200000, 0x000000070b200000| Untracked 
| 133|0x000000070b300000, 0x000000070b300000, 0x000000070b400000|  0%| F|  |TAMS 0x000000070b300000, 0x000000070b300000| Untracked 
| 134|0x000000070b400000, 0x000000070b400000, 0x000000070b500000|  0%| F|  |TAMS 0x000000070b400000, 0x000000070b400000| Untracked 
| 135|0x000000070b500000, 0x000000070b500000, 0x000000070b600000|  0%| F|  |TAMS 0x000000070b500000, 0x000000070b500000| Untracked 
| 136|0x000000070b600000, 0x000000070b600000, 0x000000070b700000|  0%| F|  |TAMS 0x000000070b600000, 0x000000070b600000| Untracked 
| 137|0x000000070b700000, 0x000000070b700000, 0x000000070b800000|  0%| F|  |TAMS 0x000000070b700000, 0x000000070b700000| Untracked 
| 138|0x000000070b800000, 0x000000070b800000, 0x000000070b900000|  0%| F|  |TAMS 0x000000070b800000, 0x000000070b800000| Untracked 
| 139|0x000000070b900000, 0x000000070b900000, 0x000000070ba00000|  0%| F|  |TAMS 0x000000070b900000, 0x000000070b900000| Untracked 
| 140|0x000000070ba00000, 0x000000070ba00000, 0x000000070bb00000|  0%| F|  |TAMS 0x000000070ba00000, 0x000000070ba00000| Untracked 
| 141|0x000000070bb00000, 0x000000070bb00000, 0x000000070bc00000|  0%| F|  |TAMS 0x000000070bb00000, 0x000000070bb00000| Untracked 
| 142|0x000000070bc00000, 0x000000070bc00000, 0x000000070bd00000|  0%| F|  |TAMS 0x000000070bc00000, 0x000000070bc00000| Untracked 
| 143|0x000000070bd00000, 0x000000070bd00000, 0x000000070be00000|  0%| F|  |TAMS 0x000000070bd00000, 0x000000070bd00000| Untracked 
| 144|0x000000070be00000, 0x000000070be00000, 0x000000070bf00000|  0%| F|  |TAMS 0x000000070be00000, 0x000000070be00000| Untracked 
| 145|0x000000070bf00000, 0x000000070bf00000, 0x000000070c000000|  0%| F|  |TAMS 0x000000070bf00000, 0x000000070bf00000| Untracked 
| 146|0x000000070c000000, 0x000000070c000000, 0x000000070c100000|  0%| F|  |TAMS 0x000000070c000000, 0x000000070c000000| Untracked 
| 147|0x000000070c100000, 0x000000070c100000, 0x000000070c200000|  0%| F|  |TAMS 0x000000070c100000, 0x000000070c100000| Untracked 
| 148|0x000000070c200000, 0x000000070c200000, 0x000000070c300000|  0%| F|  |TAMS 0x000000070c200000, 0x000000070c200000| Untracked 
| 149|0x000000070c300000, 0x000000070c300000, 0x000000070c400000|  0%| F|  |TAMS 0x000000070c300000, 0x000000070c300000| Untracked 
| 150|0x000000070c400000, 0x000000070c400000, 0x000000070c500000|  0%| F|  |TAMS 0x000000070c400000, 0x000000070c400000| Untracked 
| 151|0x000000070c500000, 0x000000070c500000, 0x000000070c600000|  0%| F|  |TAMS 0x000000070c500000, 0x000000070c500000| Untracked 
| 152|0x000000070c600000, 0x000000070c600000, 0x000000070c700000|  0%| F|  |TAMS 0x000000070c600000, 0x000000070c600000| Untracked 
| 153|0x000000070c700000, 0x000000070c700000, 0x000000070c800000|  0%| F|  |TAMS 0x000000070c700000, 0x000000070c700000| Untracked 
| 154|0x000000070c800000, 0x000000070c800000, 0x000000070c900000|  0%| F|  |TAMS 0x000000070c800000, 0x000000070c800000| Untracked 
| 155|0x000000070c900000, 0x000000070c900000, 0x000000070ca00000|  0%| F|  |TAMS 0x000000070c900000, 0x000000070c900000| Untracked 
| 156|0x000000070ca00000, 0x000000070ca00000, 0x000000070cb00000|  0%| F|  |TAMS 0x000000070ca00000, 0x000000070ca00000| Untracked 
| 157|0x000000070cb00000, 0x000000070cb00000, 0x000000070cc00000|  0%| F|  |TAMS 0x000000070cb00000, 0x000000070cb00000| Untracked 
| 158|0x000000070cc00000, 0x000000070cc00000, 0x000000070cd00000|  0%| F|  |TAMS 0x000000070cc00000, 0x000000070cc00000| Untracked 
| 159|0x000000070cd00000, 0x000000070cd00000, 0x000000070ce00000|  0%| F|  |TAMS 0x000000070cd00000, 0x000000070cd00000| Untracked 
| 160|0x000000070ce00000, 0x000000070ce00000, 0x000000070cf00000|  0%| F|  |TAMS 0x000000070ce00000, 0x000000070ce00000| Untracked 
| 161|0x000000070cf00000, 0x000000070cf00000, 0x000000070d000000|  0%| F|  |TAMS 0x000000070cf00000, 0x000000070cf00000| Untracked 
| 162|0x000000070d000000, 0x000000070d000000, 0x000000070d100000|  0%| F|  |TAMS 0x000000070d000000, 0x000000070d000000| Untracked 
| 163|0x000000070d100000, 0x000000070d100000, 0x000000070d200000|  0%| F|  |TAMS 0x000000070d100000, 0x000000070d100000| Untracked 
| 164|0x000000070d200000, 0x000000070d200000, 0x000000070d300000|  0%| F|  |TAMS 0x000000070d200000, 0x000000070d200000| Untracked 
| 165|0x000000070d300000, 0x000000070d300000, 0x000000070d400000|  0%| F|  |TAMS 0x000000070d300000, 0x000000070d300000| Untracked 
| 166|0x000000070d400000, 0x000000070d400000, 0x000000070d500000|  0%| F|  |TAMS 0x000000070d400000, 0x000000070d400000| Untracked 
| 167|0x000000070d500000, 0x000000070d500000, 0x000000070d600000|  0%| F|  |TAMS 0x000000070d500000, 0x000000070d500000| Untracked 
| 168|0x000000070d600000, 0x000000070d600000, 0x000000070d700000|  0%| F|  |TAMS 0x000000070d600000, 0x000000070d600000| Untracked 
| 169|0x000000070d700000, 0x000000070d700000, 0x000000070d800000|  0%| F|  |TAMS 0x000000070d700000, 0x000000070d700000| Untracked 
| 170|0x000000070d800000, 0x000000070d800000, 0x000000070d900000|  0%| F|  |TAMS 0x000000070d800000, 0x000000070d800000| Untracked 
| 171|0x000000070d900000, 0x000000070d900000, 0x000000070da00000|  0%| F|  |TAMS 0x000000070d900000, 0x000000070d900000| Untracked 
| 172|0x000000070da00000, 0x000000070da00000, 0x000000070db00000|  0%| F|  |TAMS 0x000000070da00000, 0x000000070da00000| Untracked 
| 173|0x000000070db00000, 0x000000070db00000, 0x000000070dc00000|  0%| F|  |TAMS 0x000000070db00000, 0x000000070db00000| Untracked 
| 174|0x000000070dc00000, 0x000000070dc00000, 0x000000070dd00000|  0%| F|  |TAMS 0x000000070dc00000, 0x000000070dc00000| Untracked 
| 175|0x000000070dd00000, 0x000000070dd00000, 0x000000070de00000|  0%| F|  |TAMS 0x000000070dd00000, 0x000000070dd00000| Untracked 
| 176|0x000000070de00000, 0x000000070de00000, 0x000000070df00000|  0%| F|  |TAMS 0x000000070de00000, 0x000000070de00000| Untracked 
| 177|0x000000070df00000, 0x000000070df00000, 0x000000070e000000|  0%| F|  |TAMS 0x000000070df00000, 0x000000070df00000| Untracked 
| 178|0x000000070e000000, 0x000000070e000000, 0x000000070e100000|  0%| F|  |TAMS 0x000000070e000000, 0x000000070e000000| Untracked 
| 179|0x000000070e100000, 0x000000070e100000, 0x000000070e200000|  0%| F|  |TAMS 0x000000070e100000, 0x000000070e100000| Untracked 
| 180|0x000000070e200000, 0x000000070e200000, 0x000000070e300000|  0%| F|  |TAMS 0x000000070e200000, 0x000000070e200000| Untracked 
| 181|0x000000070e300000, 0x000000070e300000, 0x000000070e400000|  0%| F|  |TAMS 0x000000070e300000, 0x000000070e300000| Untracked 
| 182|0x000000070e400000, 0x000000070e400000, 0x000000070e500000|  0%| F|  |TAMS 0x000000070e400000, 0x000000070e400000| Untracked 
| 183|0x000000070e500000, 0x000000070e500000, 0x000000070e600000|  0%| F|  |TAMS 0x000000070e500000, 0x000000070e500000| Untracked 
| 184|0x000000070e600000, 0x000000070e600000, 0x000000070e700000|  0%| F|  |TAMS 0x000000070e600000, 0x000000070e600000| Untracked 
| 185|0x000000070e700000, 0x000000070e700000, 0x000000070e800000|  0%| F|  |TAMS 0x000000070e700000, 0x000000070e700000| Untracked 
| 186|0x000000070e800000, 0x000000070e800000, 0x000000070e900000|  0%| F|  |TAMS 0x000000070e800000, 0x000000070e800000| Untracked 
| 187|0x000000070e900000, 0x000000070e900000, 0x000000070ea00000|  0%| F|  |TAMS 0x000000070e900000, 0x000000070e900000| Untracked 
| 188|0x000000070ea00000, 0x000000070ea00000, 0x000000070eb00000|  0%| F|  |TAMS 0x000000070ea00000, 0x000000070ea00000| Untracked 
| 189|0x000000070eb00000, 0x000000070eb00000, 0x000000070ec00000|  0%| F|  |TAMS 0x000000070eb00000, 0x000000070eb00000| Untracked 
| 190|0x000000070ec00000, 0x000000070ec00000, 0x000000070ed00000|  0%| F|  |TAMS 0x000000070ec00000, 0x000000070ec00000| Untracked 
| 191|0x000000070ed00000, 0x000000070ed00000, 0x000000070ee00000|  0%| F|  |TAMS 0x000000070ed00000, 0x000000070ed00000| Untracked 
| 192|0x000000070ee00000, 0x000000070ee00000, 0x000000070ef00000|  0%| F|  |TAMS 0x000000070ee00000, 0x000000070ee00000| Untracked 
| 193|0x000000070ef00000, 0x000000070ef00000, 0x000000070f000000|  0%| F|  |TAMS 0x000000070ef00000, 0x000000070ef00000| Untracked 
| 194|0x000000070f000000, 0x000000070f000000, 0x000000070f100000|  0%| F|  |TAMS 0x000000070f000000, 0x000000070f000000| Untracked 
| 195|0x000000070f100000, 0x000000070f100000, 0x000000070f200000|  0%| F|  |TAMS 0x000000070f100000, 0x000000070f100000| Untracked 
| 196|0x000000070f200000, 0x000000070f200000, 0x000000070f300000|  0%| F|  |TAMS 0x000000070f200000, 0x000000070f200000| Untracked 
| 197|0x000000070f300000, 0x000000070f300000, 0x000000070f400000|  0%| F|  |TAMS 0x000000070f300000, 0x000000070f300000| Untracked 
| 198|0x000000070f400000, 0x000000070f400000, 0x000000070f500000|  0%| F|  |TAMS 0x000000070f400000, 0x000000070f400000| Untracked 
| 199|0x000000070f500000, 0x000000070f500000, 0x000000070f600000|  0%| F|  |TAMS 0x000000070f500000, 0x000000070f500000| Untracked 
| 200|0x000000070f600000, 0x000000070f600000, 0x000000070f700000|  0%| F|  |TAMS 0x000000070f600000, 0x000000070f600000| Untracked 
| 201|0x000000070f700000, 0x000000070f700000, 0x000000070f800000|  0%| F|  |TAMS 0x000000070f700000, 0x000000070f700000| Untracked 
| 202|0x000000070f800000, 0x000000070f800000, 0x000000070f900000|  0%| F|  |TAMS 0x000000070f800000, 0x000000070f800000| Untracked 
| 203|0x000000070f900000, 0x000000070f900000, 0x000000070fa00000|  0%| F|  |TAMS 0x000000070f900000, 0x000000070f900000| Untracked 
| 204|0x000000070fa00000, 0x000000070fa00000, 0x000000070fb00000|  0%| F|  |TAMS 0x000000070fa00000, 0x000000070fa00000| Untracked 
| 205|0x000000070fb00000, 0x000000070fb00000, 0x000000070fc00000|  0%| F|  |TAMS 0x000000070fb00000, 0x000000070fb00000| Untracked 
| 206|0x000000070fc00000, 0x000000070fc00000, 0x000000070fd00000|  0%| F|  |TAMS 0x000000070fc00000, 0x000000070fc00000| Untracked 
| 207|0x000000070fd00000, 0x000000070fd00000, 0x000000070fe00000|  0%| F|  |TAMS 0x000000070fd00000, 0x000000070fd00000| Untracked 
| 208|0x000000070fe00000, 0x000000070fe00000, 0x000000070ff00000|  0%| F|  |TAMS 0x000000070fe00000, 0x000000070fe00000| Untracked 
| 209|0x000000070ff00000, 0x000000070ff00000, 0x0000000710000000|  0%| F|  |TAMS 0x000000070ff00000, 0x000000070ff00000| Untracked 
| 210|0x0000000710000000, 0x0000000710000000, 0x0000000710100000|  0%| F|  |TAMS 0x0000000710000000, 0x0000000710000000| Untracked 
| 211|0x0000000710100000, 0x0000000710100000, 0x0000000710200000|  0%| F|  |TAMS 0x0000000710100000, 0x0000000710100000| Untracked 
| 212|0x0000000710200000, 0x0000000710200000, 0x0000000710300000|  0%| F|  |TAMS 0x0000000710200000, 0x0000000710200000| Untracked 
| 213|0x0000000710300000, 0x0000000710300000, 0x0000000710400000|  0%| F|  |TAMS 0x0000000710300000, 0x0000000710300000| Untracked 
| 214|0x0000000710400000, 0x0000000710480800, 0x0000000710500000| 50%| E|  |TAMS 0x0000000710400000, 0x0000000710400000| Complete 
| 215|0x0000000710500000, 0x0000000710600000, 0x0000000710600000|100%| E|CS|TAMS 0x0000000710500000, 0x0000000710500000| Complete 
| 216|0x0000000710600000, 0x0000000710700000, 0x0000000710700000|100%| E|CS|TAMS 0x0000000710600000, 0x0000000710600000| Complete 
| 217|0x0000000710700000, 0x0000000710800000, 0x0000000710800000|100%| E|CS|TAMS 0x0000000710700000, 0x0000000710700000| Complete 
| 218|0x0000000710800000, 0x0000000710900000, 0x0000000710900000|100%| E|CS|TAMS 0x0000000710800000, 0x0000000710800000| Complete 
| 219|0x0000000710900000, 0x0000000710a00000, 0x0000000710a00000|100%| E|CS|TAMS 0x0000000710900000, 0x0000000710900000| Complete 
| 220|0x0000000710a00000, 0x0000000710b00000, 0x0000000710b00000|100%| E|CS|TAMS 0x0000000710a00000, 0x0000000710a00000| Complete 
| 221|0x0000000710b00000, 0x0000000710c00000, 0x0000000710c00000|100%| E|CS|TAMS 0x0000000710b00000, 0x0000000710b00000| Complete 
| 222|0x0000000710c00000, 0x0000000710d00000, 0x0000000710d00000|100%| E|CS|TAMS 0x0000000710c00000, 0x0000000710c00000| Complete 
| 223|0x0000000710d00000, 0x0000000710e00000, 0x0000000710e00000|100%| E|CS|TAMS 0x0000000710d00000, 0x0000000710d00000| Complete 
| 224|0x0000000710e00000, 0x0000000710f00000, 0x0000000710f00000|100%| E|CS|TAMS 0x0000000710e00000, 0x0000000710e00000| Complete 
| 225|0x0000000710f00000, 0x0000000711000000, 0x0000000711000000|100%| E|CS|TAMS 0x0000000710f00000, 0x0000000710f00000| Complete 
| 226|0x0000000711000000, 0x0000000711100000, 0x0000000711100000|100%| E|CS|TAMS 0x0000000711000000, 0x0000000711000000| Complete 
| 227|0x0000000711100000, 0x00000007111b3090, 0x0000000711200000| 69%| S|CS|TAMS 0x0000000711100000, 0x0000000711100000| Complete 
| 228|0x0000000711200000, 0x0000000711300000, 0x0000000711300000|100%| S|CS|TAMS 0x0000000711200000, 0x0000000711200000| Complete 
| 229|0x0000000711300000, 0x0000000711400000, 0x0000000711400000|100%| S|CS|TAMS 0x0000000711300000, 0x0000000711300000| Complete 
| 230|0x0000000711400000, 0x0000000711500000, 0x0000000711500000|100%| E|CS|TAMS 0x0000000711400000, 0x0000000711400000| Complete 
| 231|0x0000000711500000, 0x0000000711600000, 0x0000000711600000|100%| E|CS|TAMS 0x0000000711500000, 0x0000000711500000| Complete 
| 232|0x0000000711600000, 0x0000000711700000, 0x0000000711700000|100%| E|CS|TAMS 0x0000000711600000, 0x0000000711600000| Complete 
| 233|0x0000000711700000, 0x0000000711800000, 0x0000000711800000|100%| E|CS|TAMS 0x0000000711700000, 0x0000000711700000| Complete 
| 234|0x0000000711800000, 0x0000000711900000, 0x0000000711900000|100%| E|CS|TAMS 0x0000000711800000, 0x0000000711800000| Complete 
| 235|0x0000000711900000, 0x0000000711a00000, 0x0000000711a00000|100%| E|CS|TAMS 0x0000000711900000, 0x0000000711900000| Complete 
| 236|0x0000000711a00000, 0x0000000711b00000, 0x0000000711b00000|100%| E|CS|TAMS 0x0000000711a00000, 0x0000000711a00000| Complete 
| 237|0x0000000711b00000, 0x0000000711c00000, 0x0000000711c00000|100%| E|CS|TAMS 0x0000000711b00000, 0x0000000711b00000| Complete 
| 238|0x0000000711c00000, 0x0000000711d00000, 0x0000000711d00000|100%| E|CS|TAMS 0x0000000711c00000, 0x0000000711c00000| Complete 
| 239|0x0000000711d00000, 0x0000000711e00000, 0x0000000711e00000|100%| E|CS|TAMS 0x0000000711d00000, 0x0000000711d00000| Complete 
| 240|0x0000000711e00000, 0x0000000711f00000, 0x0000000711f00000|100%| E|CS|TAMS 0x0000000711e00000, 0x0000000711e00000| Complete 
| 241|0x0000000711f00000, 0x0000000712000000, 0x0000000712000000|100%| E|CS|TAMS 0x0000000711f00000, 0x0000000711f00000| Complete 
| 242|0x0000000712000000, 0x0000000712100000, 0x0000000712100000|100%| E|CS|TAMS 0x0000000712000000, 0x0000000712000000| Complete 
| 243|0x0000000712100000, 0x0000000712200000, 0x0000000712200000|100%| E|CS|TAMS 0x0000000712100000, 0x0000000712100000| Complete 
| 244|0x0000000712200000, 0x0000000712300000, 0x0000000712300000|100%| E|CS|TAMS 0x0000000712200000, 0x0000000712200000| Complete 
| 245|0x0000000712300000, 0x0000000712400000, 0x0000000712400000|100%| E|CS|TAMS 0x0000000712300000, 0x0000000712300000| Complete 
| 246|0x0000000712400000, 0x0000000712500000, 0x0000000712500000|100%| E|CS|TAMS 0x0000000712400000, 0x0000000712400000| Complete 
| 247|0x0000000712500000, 0x0000000712600000, 0x0000000712600000|100%| E|CS|TAMS 0x0000000712500000, 0x0000000712500000| Complete 
| 248|0x0000000712600000, 0x0000000712700000, 0x0000000712700000|100%| E|CS|TAMS 0x0000000712600000, 0x0000000712600000| Complete 
| 249|0x0000000712700000, 0x0000000712800000, 0x0000000712800000|100%| E|CS|TAMS 0x0000000712700000, 0x0000000712700000| Complete 
| 250|0x0000000712800000, 0x0000000712900000, 0x0000000712900000|100%| E|CS|TAMS 0x0000000712800000, 0x0000000712800000| Complete 
| 251|0x0000000712900000, 0x0000000712a00000, 0x0000000712a00000|100%| E|CS|TAMS 0x0000000712900000, 0x0000000712900000| Complete 
| 252|0x0000000712a00000, 0x0000000712b00000, 0x0000000712b00000|100%| E|CS|TAMS 0x0000000712a00000, 0x0000000712a00000| Complete 
| 253|0x0000000712b00000, 0x0000000712c00000, 0x0000000712c00000|100%| E|CS|TAMS 0x0000000712b00000, 0x0000000712b00000| Complete 

Card table byte_map: [0x0000020ba7a90000,0x0000020ba8280000] _byte_map_base: 0x0000020ba4279000

Marking Bits (Prev, Next): (CMBitMap*) 0x0000020b8fa2f930, (CMBitMap*) 0x0000020b8fa2f8f8
 Prev Bits: [0x0000020bac9c0000, 0x0000020bb0908000)
 Next Bits: [0x0000020ba8a70000, 0x0000020bac9b8000)

Polling page: 0x0000020b8d700000

Metaspace:

Usage:
  Non-class:     26.05 MB capacity,    25.59 MB ( 98%) used,   386.55 KB (  1%) free+waste,    91.88 KB ( <1%) overhead. 
      Class:      3.67 MB capacity,     3.35 MB ( 91%) used,   292.83 KB (  8%) free+waste,    43.81 KB (  1%) overhead. 
       Both:     29.73 MB capacity,    28.93 MB ( 97%) used,   679.38 KB (  2%) free+waste,   135.69 KB ( <1%) overhead. 

Virtual space:
  Non-class space:       28.00 MB reserved,      26.25 MB ( 94%) committed 
      Class space:        1.00 GB reserved,       3.75 MB ( <1%) committed 
             Both:        1.03 GB reserved,      30.00 MB (  3%) committed 

Chunk freelists:
   Non-Class:  1.13 KB
       Class:  1.75 KB
        Both:  2.88 KB

CodeHeap 'non-profiled nmethods': size=120000Kb used=1282Kb max_used=1282Kb free=118718Kb
 bounds [0x0000020b9f820000, 0x0000020b9fa90000, 0x0000020ba6d50000]
CodeHeap 'profiled nmethods': size=120000Kb used=6144Kb max_used=6144Kb free=113855Kb
 bounds [0x0000020b982f0000, 0x0000020b98900000, 0x0000020b9f820000]
CodeHeap 'non-nmethods': size=5760Kb used=1135Kb max_used=1169Kb free=4624Kb
 bounds [0x0000020b97d50000, 0x0000020b97fc0000, 0x0000020b982f0000]
 total_blobs=3974 nmethods=2794 adapters=358
 compilation: enabled
              stopped_count=0, restarted_count=0
 full_count=0

Compilation events (10 events):
Event: 5.651 Thread 0x0000020bb4005000 2899       3       java.util.Hashtable$Entry::<init> (26 bytes)
Event: 5.652 Thread 0x0000020bb4005000 nmethod 2899 0x0000020b988eee90 code [0x0000020b988ef060, 0x0000020b988ef358]
Event: 5.661 Thread 0x0000020bb4005000 2901       3       java.lang.invoke.LambdaForm::returnType (26 bytes)
Event: 5.661 Thread 0x0000020bb4005000 nmethod 2901 0x0000020b988ef410 code [0x0000020b988ef5c0, 0x0000020b988ef7b8]
Event: 5.670 Thread 0x0000020bb4005000 2902       3       java.lang.Integer::reverseBytes (26 bytes)
Event: 5.670 Thread 0x0000020bb4005000 nmethod 2902 0x0000020b988ef890 code [0x0000020b988efa40, 0x0000020b988efbb8]
Event: 5.672 Thread 0x0000020bb4005000 2904       3       sun.security.provider.SHA::implCompress0 (482 bytes)
Event: 5.673 Thread 0x0000020bb4005000 nmethod 2904 0x0000020b988efc90 code [0x0000020b988efec0, 0x0000020b988f07f8]
Event: 5.695 Thread 0x0000020bb4401800 nmethod 2699 0x0000020b9f956c90 code [0x0000020b9f956fa0, 0x0000020b9f95b9d8]
Event: 5.696 Thread 0x0000020bb4401800 2896       4       java.util.Properties::load0 (249 bytes)

GC Heap History (6 events):
Event: 2.002 GC heap before
{Heap before GC invocations=0 (full 0):
 garbage-first heap   total 260096K, used 24576K [0x0000000702e00000, 0x0000000800000000)
  region size 1024K, 24 young (24576K), 0 survivors (0K)
 Metaspace       used 14063K, capacity 14327K, committed 14592K, reserved 1062912K
  class space    used 1413K, capacity 1510K, committed 1536K, reserved 1048576K
}
Event: 2.016 GC heap after
{Heap after GC invocations=1 (full 0):
 garbage-first heap   total 260096K, used 4967K [0x0000000702e00000, 0x0000000800000000)
  region size 1024K, 3 young (3072K), 3 survivors (3072K)
 Metaspace       used 14063K, capacity 14327K, committed 14592K, reserved 1062912K
  class space    used 1413K, capacity 1510K, committed 1536K, reserved 1048576K
}
Event: 2.769 GC heap before
{Heap before GC invocations=1 (full 0):
 garbage-first heap   total 260096K, used 32615K [0x0000000702e00000, 0x0000000800000000)
  region size 1024K, 31 young (31744K), 3 survivors (3072K)
 Metaspace       used 20665K, capacity 21117K, committed 21248K, reserved 1069056K
  class space    used 2270K, capacity 2460K, committed 2560K, reserved 1048576K
}
Event: 2.785 GC heap after
{Heap after GC invocations=2 (full 0):
 garbage-first heap   total 260096K, used 5991K [0x0000000702e00000, 0x0000000800000000)
  region size 1024K, 4 young (4096K), 4 survivors (4096K)
 Metaspace       used 20665K, capacity 21117K, committed 21248K, reserved 1069056K
  class space    used 2270K, capacity 2460K, committed 2560K, reserved 1048576K
}
Event: 3.880 GC heap before
{Heap before GC invocations=3 (full 0):
 garbage-first heap   total 260096K, used 30567K [0x0000000702e00000, 0x0000000800000000)
  region size 1024K, 28 young (28672K), 4 survivors (4096K)
 Metaspace       used 24012K, capacity 24621K, committed 24704K, reserved 1071104K
  class space    used 2678K, capacity 2898K, committed 2944K, reserved 1048576K
}
Event: 3.896 GC heap after
{Heap after GC invocations=4 (full 0):
 garbage-first heap   total 260096K, used 7525K [0x0000000702e00000, 0x0000000800000000)
  region size 1024K, 3 young (3072K), 3 survivors (3072K)
 Metaspace       used 24012K, capacity 24621K, committed 24704K, reserved 1071104K
  class space    used 2678K, capacity 2898K, committed 2944K, reserved 1048576K
}

Deoptimization events (10 events):
Event: 5.286 Thread 0x0000020b8f9cc800 Uncommon trap: reason=unstable_if action=reinterpret pc=0x0000020b9f896d40 method=java.nio.Buffer.position(I)Ljava/nio/Buffer; @ 45 c2
Event: 5.354 Thread 0x0000020b8f9cc800 Uncommon trap: reason=class_check action=maybe_recompile pc=0x0000020b9f90c8e0 method=java.util.concurrent.ConcurrentHashMap.putVal(Ljava/lang/Object;Ljava/lang/Object;Z)Ljava/lang/Object; @ 242 c2
Event: 5.392 Thread 0x0000020b8f9cc800 Uncommon trap: reason=class_check action=maybe_recompile pc=0x0000020b9f90c8e0 method=java.util.concurrent.ConcurrentHashMap.putVal(Ljava/lang/Object;Ljava/lang/Object;Z)Ljava/lang/Object; @ 242 c2
Event: 5.442 Thread 0x0000020b8f9cc800 Uncommon trap: reason=class_check action=maybe_recompile pc=0x0000020b9f90c8e0 method=java.util.concurrent.ConcurrentHashMap.putVal(Ljava/lang/Object;Ljava/lang/Object;Z)Ljava/lang/Object; @ 242 c2
Event: 5.444 Thread 0x0000020b8f9cc800 Uncommon trap: reason=class_check action=maybe_recompile pc=0x0000020b9f90c8e0 method=java.util.concurrent.ConcurrentHashMap.putVal(Ljava/lang/Object;Ljava/lang/Object;Z)Ljava/lang/Object; @ 242 c2
Event: 5.570 Thread 0x0000020b8f9cc800 Uncommon trap: reason=unstable_if action=reinterpret pc=0x0000020b9f8a8cc8 method=sun.net.www.ParseUtil.firstEncodeIndex(Ljava/lang/String;)I @ 51 c2
Event: 5.570 Thread 0x0000020b8f9cc800 Uncommon trap: reason=unstable_if action=reinterpret pc=0x0000020b9f875028 method=sun.net.www.ParseUtil.firstEncodeIndex(Ljava/lang/String;)I @ 51 c2
Event: 5.593 Thread 0x0000020b8f9cc800 Uncommon trap: reason=unstable_if action=reinterpret pc=0x0000020b9f8d674c method=java.util.concurrent.ConcurrentHashMap.get(Ljava/lang/Object;)Ljava/lang/Object; @ 152 c2
Event: 5.639 Thread 0x0000020b8f9cc800 Uncommon trap: reason=unstable_if action=reinterpret pc=0x0000020b9f91383c method=java.util.LinkedHashMap.get(Ljava/lang/Object;)Ljava/lang/Object; @ 20 c2
Event: 5.647 Thread 0x0000020b8f9cc800 Uncommon trap: reason=unstable_if action=reinterpret pc=0x0000020b9f8dfc38 method=java.util.Properties.loadConvert([CIILjava/lang/StringBuilder;)Ljava/lang/String; @ 26 c2

Classes redefined (0 events):
No events

Internal exceptions (10 events):
Event: 5.167 Thread 0x0000020b8f9cc800 Exception <a 'java/lang/ClassNotFoundException'{0x0000000710ed73d8}: java/lang/ObjectCustomizer> (0x0000000710ed73d8) thrown at [t:/workspace/open/src/hotspot/share/classfile/systemDictionary.cpp, line 231]
Event: 5.169 Thread 0x0000020b8f9cc800 Exception <a 'java/lang/ClassNotFoundException'{0x0000000710ee52d8}: org/springframework/transaction/annotation/AbstractTransactionManagementConfigurationCustomizer> (0x0000000710ee52d8) thrown at [t:/workspace/open/src/hotspot/share/classfile/systemDicti
Event: 5.170 Thread 0x0000020b8f9cc800 Exception <a 'java/lang/ClassNotFoundException'{0x0000000710ef2ab0}: org/springframework/transaction/annotation/ProxyTransactionManagementConfigurationCustomizer> (0x0000000710ef2ab0) thrown at [t:/workspace/open/src/hotspot/share/classfile/systemDictiona
Event: 5.172 Thread 0x0000020b8f9cc800 Exception <a 'java/lang/ClassNotFoundException'{0x0000000710d00178}: org/springframework/context/annotation/ImportAwareCustomizer> (0x0000000710d00178) thrown at [t:/workspace/open/src/hotspot/share/classfile/systemDictionary.cpp, line 231]
Event: 5.173 Thread 0x0000020b8f9cc800 Exception <a 'java/lang/ClassNotFoundException'{0x0000000710d09420}: org/springframework/beans/factory/AwareCustomizer> (0x0000000710d09420) thrown at [t:/workspace/open/src/hotspot/share/classfile/systemDictionary.cpp, line 231]
Event: 5.318 Thread 0x0000020b8f9cc800 Exception <a 'java/lang/NoSuchMethodError'{0x0000000710b50db8}: java.lang.invoke.DirectMethodHandle$Holder.invokeSpecial(Ljava/lang/Object;Ljava/lang/Object;Ljava/lang/Object;Ljava/lang/Object;Ljava/lang/Object;)I> (0x0000000710b50db8) thrown at [t:/works
Event: 5.475 Thread 0x0000020b8f9cc800 Exception <a 'java/lang/NoSuchMethodError'{0x00000007109f9ff0}: java.lang.invoke.DirectMethodHandle$Holder.invokeInterface(Ljava/lang/Object;Ljava/lang/Object;I)V> (0x00000007109f9ff0) thrown at [t:/workspace/open/src/hotspot/share/interpreter/linkResolve
Event: 5.489 Thread 0x0000020b8f9cc800 Exception <a 'java/lang/IncompatibleClassChangeError'{0x00000007108455f0}: Found class java.lang.Object, but interface was expected> (0x00000007108455f0) thrown at [t:/workspace/open/src/hotspot/share/interpreter/linkResolver.cpp, line 838]
Event: 5.490 Thread 0x0000020b8f9cc800 Exception <a 'java/lang/NoSuchMethodError'{0x000000071084a470}: java.lang.invoke.DirectMethodHandle$Holder.invokeStatic(Ljava/lang/Object;ILjava/lang/Object;)V> (0x000000071084a470) thrown at [t:/workspace/open/src/hotspot/share/interpreter/linkResolver.c
Event: 5.661 Thread 0x0000020b8f9cc800 Exception <a 'java/lang/NoSuchMethodError'{0x00000007104472f8}: java.lang.invoke.DirectMethodHandle$Holder.invokeStaticInit(Ljava/lang/Object;IIII)Ljava/lang/Object;> (0x00000007104472f8) thrown at [t:/workspace/open/src/hotspot/share/interpreter/linkReso

Events (10 events):
Event: 5.669 loading class sun/security/provider/ByteArrayAccess
Event: 5.669 loading class sun/security/provider/ByteArrayAccess done
Event: 5.673 loading class java/net/NetworkInterface
Event: 5.673 loading class java/net/NetworkInterface done
Event: 5.674 loading class java/net/NetworkInterface$1
Event: 5.674 loading class java/net/NetworkInterface$1 done
Event: 5.674 loading class java/net/InterfaceAddress
Event: 5.674 loading class java/net/InterfaceAddress done
Event: 5.674 loading class java/net/DefaultInterface
Event: 5.674 loading class java/net/DefaultInterface done


Dynamic libraries:
0x00007ff753a10000 - 0x00007ff753a57000 	C:\Program Files\Java\jdk-11.0.6\bin\javaw.exe
0x00007ff8f9300000 - 0x00007ff8f94f0000 	C:\WINDOWS\SYSTEM32\ntdll.dll
0x00007ff8f8a00000 - 0x00007ff8f8ab2000 	C:\WINDOWS\System32\KERNEL32.DLL
0x00007ff8f6e60000 - 0x00007ff8f7105000 	C:\WINDOWS\System32\KERNELBASE.dll
0x00007ff8f7e20000 - 0x00007ff8f7ec3000 	C:\WINDOWS\System32\ADVAPI32.dll
0x00007ff8f7fd0000 - 0x00007ff8f806e000 	C:\WINDOWS\System32\msvcrt.dll
0x00007ff8f7f30000 - 0x00007ff8f7fc7000 	C:\WINDOWS\System32\sechost.dll
0x00007ff8f7480000 - 0x00007ff8f759f000 	C:\WINDOWS\System32\RPCRT4.dll
0x00007ff8f7960000 - 0x00007ff8f7af4000 	C:\WINDOWS\System32\USER32.dll
0x00007ff8f6d80000 - 0x00007ff8f6da1000 	C:\WINDOWS\System32\win32u.dll
0x00007ff8f8920000 - 0x00007ff8f8946000 	C:\WINDOWS\System32\GDI32.dll
0x00007ff8f7210000 - 0x00007ff8f73a8000 	C:\WINDOWS\System32\gdi32full.dll
0x00007ff8f6560000 - 0x00007ff8f65fe000 	C:\WINDOWS\System32\msvcp_win.dll
0x00007ff8f7110000 - 0x00007ff8f720a000 	C:\WINDOWS\System32\ucrtbase.dll
0x00007ff8dbc90000 - 0x00007ff8dbf14000 	C:\WINDOWS\WinSxS\amd64_microsoft.windows.common-controls_6595b64144ccf1df_6.0.18362.1316_none_9e7a364fe461dbd7\COMCTL32.dll
0x00007ff8eea20000 - 0x00007ff8eea2a000 	C:\WINDOWS\SYSTEM32\VERSION.dll
0x00007ff8f75a0000 - 0x00007ff8f78d7000 	C:\WINDOWS\System32\combase.dll
0x00007ff8f6280000 - 0x00007ff8f6301000 	C:\WINDOWS\System32\bcryptPrimitives.dll
0x00007ff8f7b00000 - 0x00007ff8f7b2e000 	C:\WINDOWS\System32\IMM32.DLL
0x00007ff8ef780000 - 0x00007ff8ef796000 	C:\Program Files\Java\jdk-11.0.6\bin\vcruntime140.dll
0x00007ff8cc600000 - 0x00007ff8cc6aa000 	C:\Program Files\Java\jdk-11.0.6\bin\msvcp140.dll
0x00007ff88ec80000 - 0x00007ff88f7a9000 	C:\Program Files\Java\jdk-11.0.6\bin\server\jvm.dll
0x00007ff8f8c10000 - 0x00007ff8f8c18000 	C:\WINDOWS\System32\PSAPI.DLL
0x00007ff8f25b0000 - 0x00007ff8f25d4000 	C:\WINDOWS\SYSTEM32\WINMM.dll
0x00007ff8f2780000 - 0x00007ff8f2789000 	C:\WINDOWS\SYSTEM32\WSOCK32.dll
0x00007ff8f90f0000 - 0x00007ff8f915f000 	C:\WINDOWS\System32\WS2_32.dll
0x00007ff8f2580000 - 0x00007ff8f25ad000 	C:\WINDOWS\SYSTEM32\WINMMBASE.dll
0x00007ff8f6e10000 - 0x00007ff8f6e5a000 	C:\WINDOWS\System32\cfgmgr32.dll
0x00007ff8f61c0000 - 0x00007ff8f61d1000 	C:\WINDOWS\System32\kernel.appcore.dll
0x00007ff8f1080000 - 0x00007ff8f1091000 	C:\Program Files\Java\jdk-11.0.6\bin\verify.dll
0x00007ff8f49e0000 - 0x00007ff8f4bd4000 	C:\WINDOWS\SYSTEM32\DBGHELP.DLL
0x00007ff8db6e0000 - 0x00007ff8db70a000 	C:\WINDOWS\SYSTEM32\dbgcore.DLL
0x00007ff8efb10000 - 0x00007ff8efb39000 	C:\Program Files\Java\jdk-11.0.6\bin\java.dll
0x00007ff8f0e90000 - 0x00007ff8f0ea6000 	C:\Program Files\Java\jdk-11.0.6\bin\zip.dll
0x00007ff8f1490000 - 0x00007ff8f149a000 	C:\Program Files\Java\jdk-11.0.6\bin\jimage.dll
0x00007ff8f81b0000 - 0x00007ff8f8898000 	C:\WINDOWS\System32\SHELL32.dll
0x00007ff8f8100000 - 0x00007ff8f81a7000 	C:\WINDOWS\System32\shcore.dll
0x00007ff8f6600000 - 0x00007ff8f6d7b000 	C:\WINDOWS\System32\windows.storage.dll
0x00007ff8f6200000 - 0x00007ff8f6223000 	C:\WINDOWS\System32\profapi.dll
0x00007ff8f6230000 - 0x00007ff8f627a000 	C:\WINDOWS\System32\powrprof.dll
0x00007ff8f61b0000 - 0x00007ff8f61c0000 	C:\WINDOWS\System32\UMPDC.dll
0x00007ff8f8080000 - 0x00007ff8f80d2000 	C:\WINDOWS\System32\shlwapi.dll
0x00007ff8f6460000 - 0x00007ff8f6477000 	C:\WINDOWS\System32\cryptsp.dll
0x00007ff8efbd0000 - 0x00007ff8efbe9000 	C:\Program Files\Java\jdk-11.0.6\bin\net.dll
0x00007ff8f2620000 - 0x00007ff8f2710000 	C:\WINDOWS\SYSTEM32\WINHTTP.dll
0x00007ff8f59f0000 - 0x00007ff8f5a57000 	C:\WINDOWS\system32\mswsock.dll
0x00007ff8ef760000 - 0x00007ff8ef773000 	C:\Program Files\Java\jdk-11.0.6\bin\nio.dll
0x00007ff8f10f0000 - 0x00007ff8f10f9000 	C:\Program Files\Java\jdk-11.0.6\bin\management.dll
0x00007ff8ef560000 - 0x00007ff8ef56c000 	C:\Program Files\Java\jdk-11.0.6\bin\management_ext.dll
0x00007ff8c3a20000 - 0x00007ff8c3a36000 	C:\WINDOWS\system32\napinsp.dll
0x00007ff8c3a00000 - 0x00007ff8c3a1a000 	C:\WINDOWS\system32\pnrpnsp.dll
0x00007ff8f5740000 - 0x00007ff8f580b000 	C:\WINDOWS\SYSTEM32\DNSAPI.dll
0x00007ff8f78e0000 - 0x00007ff8f78e8000 	C:\WINDOWS\System32\NSI.dll
0x00007ff8f5700000 - 0x00007ff8f573a000 	C:\WINDOWS\SYSTEM32\IPHLPAPI.DLL
0x00007ff8ccab0000 - 0x00007ff8ccabe000 	C:\WINDOWS\System32\winrnr.dll
0x00007ff8f25f0000 - 0x00007ff8f260c000 	C:\WINDOWS\system32\NLAapi.dll
0x00007ff8c6ef0000 - 0x00007ff8c6f05000 	C:\WINDOWS\system32\wshbth.dll
0x00007ff8eed40000 - 0x00007ff8eed4a000 	C:\Windows\System32\rasadhlp.dll
0x00007ff8ef9b0000 - 0x00007ff8efa27000 	C:\WINDOWS\System32\fwpuclnt.dll
0x00007ff8f6480000 - 0x00007ff8f64a6000 	C:\WINDOWS\System32\bcrypt.dll
0x00007ff8f5570000 - 0x00007ff8f55a3000 	C:\WINDOWS\system32\rsaenh.dll
0x00007ff8f60d0000 - 0x00007ff8f60f5000 	C:\WINDOWS\SYSTEM32\USERENV.dll
0x00007ff8f5bc0000 - 0x00007ff8f5bcc000 	C:\WINDOWS\SYSTEM32\CRYPTBASE.dll
0x00007ff8f07e0000 - 0x00007ff8f07f6000 	C:\WINDOWS\SYSTEM32\dhcpcsvc6.DLL
0x00007ff8f0780000 - 0x00007ff8f079c000 	C:\WINDOWS\SYSTEM32\dhcpcsvc.DLL

dbghelp: loaded successfully - version: 4.0.5 - missing functions: none
symbol engine: initialized successfully - sym options: 0x614 - pdb path: .;C:\Program Files\Java\jdk-11.0.6\bin;C:\WINDOWS\SYSTEM32;C:\WINDOWS\WinSxS\amd64_microsoft.windows.common-controls_6595b64144ccf1df_6.0.18362.1316_none_9e7a364fe461dbd7;C:\Program Files\Java\jdk-11.0.6\bin\server

VM Arguments:
jvm_args: -Dfile.encoding=UTF-8 
java_command: tec.diseno.communities.App
java_class_path (initial): D:\Klaus\Docs\University\Diseo\Backend\communities\target\classes;C:\Users\Ke_M_\.m2\repository\org\springframework\boot\spring-boot-starter-web\2.3.2.RELEASE\spring-boot-starter-web-2.3.2.RELEASE.jar;C:\Users\Ke_M_\.m2\repository\org\springframework\boot\spring-boot-starter\2.3.2.RELEASE\spring-boot-starter-2.3.2.RELEASE.jar;C:\Users\Ke_M_\.m2\repository\org\springframework\boot\spring-boot\2.3.2.RELEASE\spring-boot-2.3.2.RELEASE.jar;C:\Users\Ke_M_\.m2\repository\org\springframework\boot\spring-boot-autoconfigure\2.3.2.RELEASE\spring-boot-autoconfigure-2.3.2.RELEASE.jar;C:\Users\Ke_M_\.m2\repository\org\springframework\boot\spring-boot-starter-logging\2.3.2.RELEASE\spring-boot-starter-logging-2.3.2.RELEASE.jar;C:\Users\Ke_M_\.m2\repository\ch\qos\logback\logback-classic\1.2.3\logback-classic-1.2.3.jar;C:\Users\Ke_M_\.m2\repository\ch\qos\logback\logback-core\1.2.3\logback-core-1.2.3.jar;C:\Users\Ke_M_\.m2\repository\org\apache\logging\log4j\log4j-to-slf4j\2.13.3\log4j-to-slf4j-2.13.3.jar;C:\Users\Ke_M_\.m2\repository\org\apache\logging\log4j\log4j-api\2.13.3\log4j-api-2.13.3.jar;C:\Users\Ke_M_\.m2\repository\org\slf4j\jul-to-slf4j\1.7.30\jul-to-slf4j-1.7.30.jar;C:\Users\Ke_M_\.m2\repository\jakarta\annotation\jakarta.annotation-api\1.3.5\jakarta.annotation-api-1.3.5.jar;C:\Users\Ke_M_\.m2\repository\org\yaml\snakeyaml\1.26\snakeyaml-1.26.jar;C:\Users\Ke_M_\.m2\repository\org\springframework\boot\spring-boot-starter-json\2.3.2.RELEASE\spring-boot-starter-json-2.3.2.RELEASE.jar;C:\Users\Ke_M_\.m2\repository\com\fasterxml\jackson\core\jackson-databind\2.11.1\jackson-databind-2.11.1.jar;C:\Users\Ke_M_\.m2\repository\com\fasterxml\jackson\core\jackson-annotations\2.11.1\jackson-annotations-2.11.1.jar;C:\Users\Ke_M_\.m2\repository\com\fasterxml\jackson\core\jackson-core\2.11.1\jackson-core-2.11.1.jar;C:\Users\Ke_M_\.m2\repository\com\fasterxml\jackson\datatype\jackson-datatype-jdk8\2.11.1\jackson-datatype-jdk8-2.11.1.jar;C:\Users\Ke_M_\.m2\r
Launcher Type: SUN_STANDARD

[Global flags]
     intx CICompilerCount                          = 4                                         {product} {ergonomic}
     uint ConcGCThreads                            = 3                                         {product} {ergonomic}
     uint G1ConcRefinementThreads                  = 10                                        {product} {ergonomic}
   size_t G1HeapRegionSize                         = 1048576                                   {product} {ergonomic}
    uintx GCDrainStackTargetSize                   = 64                                        {product} {ergonomic}
   size_t InitialHeapSize                          = 266338304                                 {product} {ergonomic}
   size_t MarkStackSize                            = 4194304                                   {product} {ergonomic}
   size_t MaxHeapSize                              = 4246732800                                {product} {ergonomic}
   size_t MaxNewSize                               = 2548039680                                {product} {ergonomic}
   size_t MinHeapDeltaBytes                        = 1048576                                   {product} {ergonomic}
    uintx NonNMethodCodeHeapSize                   = 5836300                                {pd product} {ergonomic}
    uintx NonProfiledCodeHeapSize                  = 122910970                              {pd product} {ergonomic}
    uintx ProfiledCodeHeapSize                     = 122910970                              {pd product} {ergonomic}
    uintx ReservedCodeCacheSize                    = 251658240                              {pd product} {ergonomic}
     bool SegmentedCodeCache                       = true                                      {product} {ergonomic}
     bool UseCompressedClassPointers               = true                                 {lp64_product} {ergonomic}
     bool UseCompressedOops                        = true                                 {lp64_product} {ergonomic}
     bool UseG1GC                                  = true                                      {product} {ergonomic}
     bool UseLargePagesIndividualAllocation        = false                                  {pd product} {ergonomic}

Logging:
Log output configuration:
 #0: stdout all=warning uptime,level,tags
 #1: stderr all=off uptime,level,tags

Environment Variables:
JAVA_HOME=C:\Program Files\Java\jdk1.8.0_241
PATH=C:/Program Files/Java/jdk-11.0.6/bin/server;C:/Program Files/Java/jdk-11.0.6/bin;C:\Program Files\AdoptOpenJDK\jdk-11.0.8.10-hotspot\bin;C:\Program Files (x86)\Common Files\Oracle\Java\javapath;C:\Windows\system32;C:\Windows;C:\Windows\System32\Wbem;C:\Windows\System32\WindowsPowerShell\v1.0\;C:\Windows\System32\OpenSSH\;C:\Program Files (x86)\NVIDIA Corporation\PhysX\Common;C:\Program Files\NVIDIA Corporation\NVIDIA NvDLISR;C:\Program Files\nodejs\;C:\Users\Ke_M_\AppData\Local\Android\Sdk\platform-tools;C:\Program Files (x86)\Yarn\bin\;C:\Program Files\OpenSSL-Win64\bin;C:\src\flutter\bin;C:\ProgramData\chocolatey\bin;C:\WINDOWS\system32;C:\WINDOWS;C:\WINDOWS\System32\Wbem;C:\WINDOWS\System32\WindowsPowerShell\v1.0\;C:\WINDOWS\System32\OpenSSH\;C:\dev\apache-maven-3.6.3\bin;C:\Users\Ke_M_\AppData\Local\Programs\Python\Python38-32\Scripts;C:\Program Files\TortoiseSVN\bin;C:\Program Files\VisualSVN Server\bin;C:\Program Files (x86)\Windows Kits\10\Windows Performance Toolkit\;C:\Program Files\Oracle\VirtualBox;C:\Python27;C:\Program Files\Git\cmd;C:\Users\Ke_M_\AppData\Local\Microsoft\WindowsApps;C:\Users\Ke_M_\AppData\Roaming\npm;C:\Users\Ke_M_\AppData\Local\Programs\Microsoft VS Code\bin;C:\Users\Ke_M_\AppData\Local\Yarn\bin;C:\tools\dart-sdk\bin;C:\Users\Ke_M_\AppData\Roaming\Pub\Cache\bin;C:\Users\Ke_M_\AppData\Local\GitHubDesktop\bin;C:\Program Files\heroku\bin;C:\WINDOWS\System32;
USERNAME=Ke_M_
OS=Windows_NT
PROCESSOR_IDENTIFIER=Intel64 Family 6 Model 158 Stepping 10, GenuineIntel



---------------  S Y S T E M  ---------------

OS: Windows 10 , 64 bit Build 18362 (10.0.18362.1316)

CPU:total 12 (initial active 12) (6 cores per cpu, 2 threads per core) family 6 model 158 stepping 10, cmov, cx8, fxsr, mmx, sse, sse2, sse3, ssse3, sse4.1, sse4.2, popcnt, avx, avx2, aes, clmul, erms, 3dnowpref, lzcnt, ht, tsc, tscinvbit, bmi1, bmi2, adx, fma

Memory: 4k page, system-wide physical 16196M (3129M free)
TotalPageFile size 27080M (AvailPageFile size 1M)
current process WorkingSet (physical memory assigned to process): 175M, peak: 178M
current process commit charge ("private bytes"): 433M, peak: 434M

vm_info: Java HotSpot(TM) 64-Bit Server VM (11.0.6+8-LTS) for windows-amd64 JRE (11.0.6+8-LTS), built on Dec 11 2019 09:17:57 by "mach5one" with MS VC++ 15.5 (VS2017)

END.
